{"numTotalTestSuites":11,"numPassedTestSuites":11,"numFailedTestSuites":0,"numPendingTestSuites":0,"numTotalTests":18,"numPassedTests":18,"numFailedTests":0,"numPendingTests":0,"numTodoTests":0,"snapshot":{"added":0,"failure":false,"filesAdded":0,"filesRemoved":0,"filesRemovedList":[],"filesUnmatched":0,"filesUpdated":0,"matched":0,"total":0,"unchecked":0,"uncheckedKeysByFile":[],"unmatched":0,"updated":0,"didUpdate":false},"startTime":1747160973454,"success":true,"testResults":[{"assertionResults":[{"ancestorTitles":["Authentication API"],"fullName":"Authentication API should authenticate with valid credentials using username field","status":"passed","title":"should authenticate with valid credentials using username field","duration":2.1175420000000145,"failureMessages":[],"meta":{}},{"ancestorTitles":["Authentication API"],"fullName":"Authentication API should authenticate with valid credentials using email field","status":"passed","title":"should authenticate with valid credentials using email field","duration":1.6452089999999657,"failureMessages":[],"meta":{}},{"ancestorTitles":["Authentication API"],"fullName":"Authentication API should reject invalid credentials","status":"passed","title":"should reject invalid credentials","duration":2.000333000000012,"failureMessages":[],"meta":{}},{"ancestorTitles":["Devices API"],"fullName":"Devices API should retrieve devices list","status":"passed","title":"should retrieve devices list","duration":0.7595420000000104,"failureMessages":[],"meta":{}},{"ancestorTitles":["Devices API"],"fullName":"Devices API should create a new device with SSH","status":"passed","title":"should create a new device with SSH","duration":2.6141250000000014,"failureMessages":[],"meta":{}},{"ancestorTitles":["Devices API"],"fullName":"Devices API should get device details by ID","status":"passed","title":"should get device details by ID","duration":0.8542500000000359,"failureMessages":[],"meta":{}}],"startTime":1747160973891,"endTime":1747160973908.8542,"status":"passed","message":"","name":"/app/tests/e2e/index.test.ts"},{"assertionResults":[{"ancestorTitles":["Authentication API"],"fullName":"Authentication API should authenticate with valid credentials using username field","status":"passed","title":"should authenticate with valid credentials using username field","duration":3.3813749999999914,"failureMessages":[],"meta":{}},{"ancestorTitles":["Authentication API"],"fullName":"Authentication API should authenticate with valid credentials using email field","status":"passed","title":"should authenticate with valid credentials using email field","duration":1.522041999999999,"failureMessages":[],"meta":{}},{"ancestorTitles":["Authentication API"],"fullName":"Authentication API should reject invalid credentials","status":"passed","title":"should reject invalid credentials","duration":2.366166000000021,"failureMessages":[],"meta":{}}],"startTime":1747160973769,"endTime":1747160973776.3662,"status":"passed","message":"","name":"/app/tests/e2e/tests/auth.test.ts"},{"assertionResults":[{"ancestorTitles":["Containers API"],"fullName":"Containers API should retrieve containers list","status":"passed","title":"should retrieve containers list","duration":1.1785830000000033,"failureMessages":[],"meta":{}},{"ancestorTitles":["Containers API"],"fullName":"Containers API should get available container images","status":"passed","title":"should get available container images","duration":1.0318750000000136,"failureMessages":[],"meta":{}},{"ancestorTitles":["Containers API"],"fullName":"Containers API should get available container networks","status":"passed","title":"should get available container networks","duration":1.0667500000000132,"failureMessages":[],"meta":{}},{"ancestorTitles":["Containers API"],"fullName":"Containers API should get available container volumes","status":"passed","title":"should get available container volumes","duration":0.8782919999999876,"failureMessages":[],"meta":{}}],"startTime":1747160973804,"endTime":1747160973807.8782,"status":"passed","message":"","name":"/app/tests/e2e/tests/containers.test.ts"},{"assertionResults":[{"ancestorTitles":["Devices API"],"fullName":"Devices API should retrieve devices list","status":"passed","title":"should retrieve devices list","duration":1.7860009999999988,"failureMessages":[],"meta":{}},{"ancestorTitles":["Devices API"],"fullName":"Devices API should create a new device with SSH","status":"passed","title":"should create a new device with SSH","duration":3.9756659999999897,"failureMessages":[],"meta":{}},{"ancestorTitles":["Devices API"],"fullName":"Devices API should get device details by ID","status":"passed","title":"should get device details by ID","duration":0.9869579999999587,"failureMessages":[],"meta":{}}],"startTime":1747160973745,"endTime":1747160973751.987,"status":"passed","message":"","name":"/app/tests/e2e/tests/devices.test.ts"},{"assertionResults":[{"ancestorTitles":["Server Health API"],"fullName":"Server Health API should report server is healthy via ping endpoint","status":"passed","title":"should report server is healthy via ping endpoint","duration":1.4984169999999608,"failureMessages":[],"meta":{}},{"ancestorTitles":["Server Health API"],"fullName":"Server Health API should report server health status","status":"passed","title":"should report server health status","duration":1.2816669999999704,"failureMessages":[],"meta":{}}],"startTime":1747160973817,"endTime":1747160973820.2817,"status":"passed","message":"","name":"/app/tests/e2e/tests/health.test.ts"}]}